<?xml version="1.0" encoding="UTF-8"?>
<!-- Generated by org.testng.reporters.JUnitXMLReporter -->
<testsuite hostname="LAPTOP-S26B4QU4" ignored="0" name="Validation Test Title" tests="1" failures="0" timestamp="2020-12-29T20:05:49 IST" time="0.059" errors="0">
  <testcase name="@BeforeTest Initialise" time="0.008" classname="Academy.validateTitle">
    <failure type="java.lang.NullPointerException">
      <![CDATA[java.lang.NullPointerException
at resource.base.initialiseDriver(base.java:46)
at Academy.validateTitle.Initialise(validateTitle.java:28)
at java.util.concurrent.FutureTask.run(FutureTask.java:266)
at java.util.concurrent.ThreadPoolExecutor.runWorker(ThreadPoolExecutor.java:1149)
at java.util.concurrent.ThreadPoolExecutor$Worker.run(ThreadPoolExecutor.java:624)
at java.lang.Thread.run(Thread.java:748)
... Removed 15 stack frames]]>
    </failure>
  </testcase> <!-- @BeforeTest Initialise -->
  <testcase name="@AfterTest TearDown" time="-1.609252549957E9" classname="Academy.validateTitle">
    <skipped/>
  </testcase> <!-- @AfterTest TearDown -->
  <testcase name="landingtoHomePage" time="0.0" classname="Academy.validateTitle">
    <skipped/>
  </testcase> <!-- landingtoHomePage -->
</testsuite> <!-- Validation Test Title -->
