<?xml version="1.0" encoding="UTF-8"?>
<!-- Generated by org.testng.reporters.JUnitXMLReporter -->
<testsuite hostname="LAPTOP-S26B4QU4" ignored="0" name="Test" tests="4" failures="0" timestamp="2020-12-25T18:23:14 IST" time="71.899" errors="0">
  <testcase name="landingtoHomePage" time="0.098" classname="Academy.validateNavigationBar"/>
  <testcase name="landingtoHomePage" time="20.993" classname="Academy.HomePage"/>
  <testcase name="landingtoHomePage" time="1.716" classname="Academy.HomePage"/>
  <testcase name="landingtoHomePage" time="0.057" classname="Academy.validateTitle"/>
</testsuite> <!-- Test -->
