<?xml version="1.0" encoding="UTF-8"?>
<testsuite xmlns:xsi="http://www.w3.org/2001/XMLSchema-instance" xsi:noNamespaceSchemaLocation="https://maven.apache.org/surefire/maven-surefire-plugin/xsd/surefire-test-report-3.0.xsd" version="3.0" name="TestSuite" time="128.406" tests="6" errors="0" skipped="0" failures="3">
  <properties>
[...]
</properties>
  <testcase name="landingtoHomePage" classname="Academy.validateTitle" time="0.092">
    <failure message="expected [FEATUREDaaa COURSES123] but found [FEATURED COURSES]" type="java.lang.AssertionError"><![CDATA[java.lang.AssertionError: expected [FEATUREDaaa COURSES123] but found [FEATURED COURSES]
	at Academy.validateTitle.landingtoHomePage(validateTitle.java:43)
]]></failure>
    <system-out><![CDATA[chrome
chrome
chrome
]]></system-out>
    <system-err><![CDATA[Starting ChromeDriver 87.0.4280.20 (c99e81631faa0b2Sat4ar4t8ei6n5g8 cC0dhbrdo8m3e1D1rfib0v4erd db8d7-.r0ef.s4/2b8r0a.n2ch0- (hcea9d9se/84218603@1{#f3a5a50}b) 2oan4 4p8ore6t 5284c106d1bd
O8n3l1Sy1 tflabor0cat4l idcndogbn dnCe-hcrrteoifmosne/sDb rraiarvee nrac lh8l-7oh.we0ea.dd4.s2/8
40P2.l82e00a@ s{(e#c 39s59e5ee}8 1h6t)3t 1pofsna: /pa/o0crbht2r oa1m41e418der56i65v8e
crO0.ndclhbydr 8ol3mo1ic1uafmlb. 0oc4rdogdn/bnsde-ecrcuefrtsii/tobyrn-ascn ocnahs-rihede eadrasal/tl4i2oo8nw0se@ {df#.o3r5 5s
}uP)gl goeenas stpeio orstne se3  5ho2tn1t 7pkse:
/Oe/npclihynr gol moeCcdharrlio vmceeorD.nrcnihevrceotrmi iosunams.f oear.rge/
s eaclulroiwteyd-.con
sPildeearsaeti osnese  fhotrtps ://scuhrgomgedersitvieorn.csh rono mkiueme.poirngg/ sCehcruroimteyD-rciovnesri dsearaftei.on
s for suggestions on keeping ChromeDriver safe.
ChrComherDormievDerri vwears  wsatsa rstteadr tseudc cseuscscfesusflullyl.y
.
ChromeDriver was started successfully.
Jan 03, 2021 6:56:00 PM org.openqa.selenium.remote.ProtocolHandshake createSession
INFO: Detected dialect: W3C
Jan 03, 2021 6:56:00 PM org.openqa.selenium.remote.ProtocolHandshake createSession
INFO: Detected dialect: W3C
Jan 03, 2021 6:56:00 PM org.openqa.selenium.remote.ProtocolHandshake createSession
INFO: Detected dialect: W3C
]]></system-err>
  </testcase>
  <testcase name="landingtoHomePage" classname="Academy.validateTitle" time="31.387">
    <failure message="timeout: Timed out receiving message from renderer: 10.000&#10;  (Session info: chrome=87.0.4280.88)&#10;Build info: version: &apos;3.141.59&apos;, revision: &apos;e82be7d358&apos;, time: &apos;2018-11-14T08:17:03&apos;&#10;System info: host: &apos;LAPTOP-S26B4QU4&apos;, ip: &apos;192.168.43.50&apos;, os.name: &apos;Windows 10&apos;, os.arch: &apos;amd64&apos;, os.version: &apos;10.0&apos;, java.version: &apos;1.8.0_271&apos;&#10;Driver info: org.openqa.selenium.chrome.ChromeDriver&#10;Capabilities {acceptInsecureCerts: false, browserName: chrome, browserVersion: 87.0.4280.88, chrome: {chromedriverVersion: 87.0.4280.20 (c99e81631faa0..., userDataDir: C:\Users\Meenal\AppData\Loc...}, goog:chromeOptions: {debuggerAddress: localhost:51774}, javascriptEnabled: true, networkConnectionEnabled: false, pageLoadStrategy: normal, platform: WINDOWS, platformName: WINDOWS, proxy: Proxy(), setWindowRect: true, strictFileInteractability: false, timeouts: {implicit: 0, pageLoad: 300000, script: 30000}, unhandledPromptBehavior: dismiss and notify, webauthn:virtualAuthenticators: true}&#10;Session ID: fa6e4b2a826bd042adadbdcd748a3070" type="org.openqa.selenium.TimeoutException"><![CDATA[org.openqa.selenium.TimeoutException: 
timeout: Timed out receiving message from renderer: 10.000
  (Session info: chrome=87.0.4280.88)
Build info: version: '3.141.59', revision: 'e82be7d358', time: '2018-11-14T08:17:03'
System info: host: 'LAPTOP-S26B4QU4', ip: '192.168.43.50', os.name: 'Windows 10', os.arch: 'amd64', os.version: '10.0', java.version: '1.8.0_271'
Driver info: org.openqa.selenium.chrome.ChromeDriver
Capabilities {acceptInsecureCerts: false, browserName: chrome, browserVersion: 87.0.4280.88, chrome: {chromedriverVersion: 87.0.4280.20 (c99e81631faa0..., userDataDir: C:\Users\Meenal\AppData\Loc...}, goog:chromeOptions: {debuggerAddress: localhost:51774}, javascriptEnabled: true, networkConnectionEnabled: false, pageLoadStrategy: normal, platform: WINDOWS, platformName: WINDOWS, proxy: Proxy(), setWindowRect: true, strictFileInteractability: false, timeouts: {implicit: 0, pageLoad: 300000, script: 30000}, unhandledPromptBehavior: dismiss and notify, webauthn:virtualAuthenticators: true}
Session ID: fa6e4b2a826bd042adadbdcd748a3070
]]></failure>
    <system-err><![CDATA[[1609680450.445][SEVERE]: Timed out receiving message from renderer: 10.000
[1609680450.445][WARNING]: screenshot failed, retrying timeout: Timed out receiving message from renderer: 10.000
[1609680460.454][SEVERE]: Timed out receiving message from renderer: 10.000
[1609680470.471][SEVERE]: Timed out receiving message from renderer: 10.000
[1609680470.472][WARNING]: screenshot failed, retrying timeout: Timed out receiving message from renderer: 10.000
[1609680480.473][SEVERE]: Timed out receiving message from renderer: 10.000
]]></system-err>
  </testcase>
  <testcase name="validateHeader" classname="Academy.validateTitle" time="0.063">
    <failure message="expected [An Academy to learn Everything about Testing] but found [AN ACADEMY TO LEARN EVERYTHING ABOUT TESTING]" type="java.lang.AssertionError"><![CDATA[java.lang.AssertionError: expected [An Academy to learn Everything about Testing] but found [AN ACADEMY TO LEARN EVERYTHING ABOUT TESTING]
	at Academy.validateTitle.validateHeader(validateTitle.java:58)
]]></failure>
    <system-out><![CDATA[validating Header
validating Header
]]></system-out>
  </testcase>
  <testcase name="landingtoHomePage[unrestricted@qw.com, 1234, unrestricted user](1)" classname="Academy.HomePage" time="16.065">
    <system-err><![CDATA[[1609680430.432][SEVERE]: Timed out receiving message from renderer: 10.000
[1609680430.432][WARNING]: screenshot failed, retrying timeout: Timed out receiving message from renderer: 10.000
]]></system-err>
  </testcase>
  <testcase name="landingtoHomePage[restricted@qw.com, 5678, restricted user](2)" classname="Academy.HomePage" time="5.366">
    <system-err><![CDATA[[1609680440.441][SEVERE]: Timed out receiving message from renderer: 10.000
]]></system-err>
  </testcase>
  <testcase name="landingtoHomePage" classname="Academy.validateNavigationBar" time="0.06">
    <system-out><![CDATA[trying to navigate
]]></system-out>
  </testcase>
</testsuite>